#
# There is insufficient memory for the Java Runtime Environment to continue.
# Native memory allocation (mmap) failed to map 123731968 bytes for Failed to commit area from 0x000000008a800000 to 0x0000000091e00000 of length 123731968.
# Possible reasons:
#   The system is out of physical RAM or swap space
#   The process is running with CompressedOops enabled, and the Java Heap may be blocking the growth of the native heap
# Possible solutions:
#   Reduce memory load on the system
#   Increase physical memory or swap space
#   Check if swap backing store is full
#   Decrease Java heap size (-Xmx/-Xms)
#   Decrease number of Java threads
#   Decrease Java thread stack sizes (-Xss)
#   Set larger code cache with -XX:ReservedCodeCacheSize=
# This output file may be truncated or incomplete.
#
#  Out of Memory Error (src/hotspot/os/windows/os_windows.cpp:3624), pid=17868, tid=16152
#
# JRE version:  (11.0.14.1+1) (build )
# Java VM: Dynamic Code Evolution 64-Bit Server VM (11.0.14.1+1-b2043.45, mixed mode, sharing, tiered, compressed oops, g1 gc, windows-amd64)
# No core dump will be written. Minidumps are not enabled by default on client versions of Windows
#

---------------  S U M M A R Y ------------

Command Line: git4idea.http.GitAskPassApp Username for 'https://github.com': 

Host: AMD Ryzen 3 5300U with Radeon Graphics         , 8 cores, 7G,  Windows 10 , 64 bit Build 19041 (10.0.19041.1706)
Time: Tue May 31 21:48:40 2022 Russia TZ 4 Standard Time elapsed time: 0.036328 seconds (0d 0h 0m 0s)

---------------  T H R E A D  ---------------

Current thread (0x0000013923a49800):  JavaThread "Unknown thread" [_thread_in_vm, id=16152, stack(0x0000000bce000000,0x0000000bce100000)]

Stack: [0x0000000bce000000,0x0000000bce100000]
Native frames: (J=compiled Java code, j=interpreted, Vv=VM code, C=native code)
V  [jvm.dll+0x621b3a]
V  [jvm.dll+0x7a8cf0]
V  [jvm.dll+0x7aa30d]
V  [jvm.dll+0x7aa9e3]
V  [jvm.dll+0x2512c8]
V  [jvm.dll+0x61eb84]
V  [jvm.dll+0x613895]
V  [jvm.dll+0x310a2b]
V  [jvm.dll+0x31099a]
V  [jvm.dll+0x310872]
V  [jvm.dll+0x3157d6]
V  [jvm.dll+0x360d83]
V  [jvm.dll+0x361486]
V  [jvm.dll+0x360e83]
V  [jvm.dll+0x2ea248]
V  [jvm.dll+0x2eb3f7]
V  [jvm.dll+0x785e47]
V  [jvm.dll+0x78771c]
V  [jvm.dll+0x36e339]
V  [jvm.dll+0x76973e]
V  [jvm.dll+0x3dc913]
V  [jvm.dll+0x3deeb1]
C  [jli.dll+0x536b]
C  [ucrtbase.dll+0x21bb2]
C  [KERNEL32.DLL+0x17034]
C  [ntdll.dll+0x52651]


---------------  P R O C E S S  ---------------

Threads class SMR info:
_java_thread_list=0x0000013923891b10, length=0, elements={
}

Java Threads: ( => current thread )

Other Threads:
  0x0000013923a62000 GCTaskThread "GC Thread#0" [stack: 0x0000000bce100000,0x0000000bce200000] [id=11792]
  0x0000013923a94000 ConcurrentGCThread "G1 Main Marker" [stack: 0x0000000bce200000,0x0000000bce300000] [id=13596]
  0x0000013923a96800 ConcurrentGCThread "G1 Conc#0" [stack: 0x0000000bce300000,0x0000000bce400000] [id=12500]

[error occurred during error reporting (printing all threads), id 0xc0000005, EXCEPTION_ACCESS_VIOLATION (0xc0000005) at pc=0x00007ffe4666aa97]

VM state:not at safepoint (not fully initialized)

VM Mutex/Monitor currently owned by a thread:  ([mutex/lock_event])
[0x0000013923a47330] Heap_lock - owner thread: 0x0000013923a49800

Heap address: 0x000000008a800000, size: 1880 MB, Compressed Oops mode: Non-zero based: 0x000000008a800000
Narrow klass base: 0x0000000000000000, Narrow klass shift: 0

GC Heap History (0 events):
No events

Deoptimization events (0 events):
No events

Classes redefined (0 events):
No events

Internal exceptions (0 events):
No events

Events (1 events):
Event: 0.022 Loaded shared library D:\JetBrains\apps\Rider\ch-0\221.5591.20\jbr\bin\zip.dll


Dynamic libraries:
0x00007ff6b9a00000 - 0x00007ff6b9a0a000 	D:\JetBrains\apps\Rider\ch-0\221.5591.20\jbr\bin\java.exe
0x00007ffea6ef0000 - 0x00007ffea70e5000 	C:\Windows\SYSTEM32\ntdll.dll
0x00007ffea6df0000 - 0x00007ffea6ead000 	C:\Windows\System32\KERNEL32.DLL
0x00007ffea4c70000 - 0x00007ffea4f3d000 	C:\Windows\System32\KERNELBASE.dll
0x00007ffea4600000 - 0x00007ffea4700000 	C:\Windows\System32\ucrtbase.dll
0x00007ffe6e540000 - 0x00007ffe6e559000 	D:\JetBrains\apps\Rider\ch-0\221.5591.20\jbr\bin\jli.dll
0x00007ffe72eb0000 - 0x00007ffe72ec6000 	D:\JetBrains\apps\Rider\ch-0\221.5591.20\jbr\bin\VCRUNTIME140.dll
0x00007ffe8fc90000 - 0x00007ffe8ff2a000 	C:\Windows\WinSxS\amd64_microsoft.windows.common-controls_6595b64144ccf1df_6.0.19041.1110_none_60b5254171f9507e\COMCTL32.dll
0x00007ffea5b10000 - 0x00007ffea5cb0000 	C:\Windows\System32\USER32.dll
0x00007ffea4b30000 - 0x00007ffea4b52000 	C:\Windows\System32\win32u.dll
0x00007ffea68a0000 - 0x00007ffea693e000 	C:\Windows\System32\msvcrt.dll
0x00007ffea6dc0000 - 0x00007ffea6dea000 	C:\Windows\System32\GDI32.dll
0x00007ffea4b60000 - 0x00007ffea4c6b000 	C:\Windows\System32\gdi32full.dll
0x00007ffea4700000 - 0x00007ffea479d000 	C:\Windows\System32\msvcp_win.dll
0x00007ffea5ae0000 - 0x00007ffea5b10000 	C:\Windows\System32\IMM32.DLL
0x00007ffe6d870000 - 0x00007ffe6d91a000 	D:\JetBrains\apps\Rider\ch-0\221.5591.20\jbr\bin\msvcp140.dll
0x00007ffe46370000 - 0x00007ffe46efa000 	D:\JetBrains\apps\Rider\ch-0\221.5591.20\jbr\bin\server\jvm.dll
0x00007ffea6730000 - 0x00007ffea67de000 	C:\Windows\System32\ADVAPI32.dll
0x00007ffea5990000 - 0x00007ffea5a2c000 	C:\Windows\System32\sechost.dll
0x00007ffea5800000 - 0x00007ffea5925000 	C:\Windows\System32\RPCRT4.dll
0x00007ffea69f0000 - 0x00007ffea69f8000 	C:\Windows\System32\PSAPI.DLL
0x00007ffe96710000 - 0x00007ffe96737000 	C:\Windows\SYSTEM32\WINMM.dll
0x00007ffe9a600000 - 0x00007ffe9a60a000 	C:\Windows\SYSTEM32\VERSION.dll
0x00007ffea0100000 - 0x00007ffea0109000 	C:\Windows\SYSTEM32\WSOCK32.dll
0x00007ffea6630000 - 0x00007ffea669b000 	C:\Windows\System32\WS2_32.dll
0x00007ffea26a0000 - 0x00007ffea26b2000 	C:\Windows\SYSTEM32\kernel.appcore.dll
0x00007ffe9c5a0000 - 0x00007ffe9c5b1000 	D:\JetBrains\apps\Rider\ch-0\221.5591.20\jbr\bin\verify.dll
0x00007ffea2320000 - 0x00007ffea2504000 	C:\Windows\SYSTEM32\DBGHELP.DLL
0x00007ffe8aa00000 - 0x00007ffe8aa2c000 	C:\Windows\SYSTEM32\dbgcore.DLL
0x00007ffea47a0000 - 0x00007ffea4822000 	C:\Windows\System32\bcryptPrimitives.dll
0x00007ffe9c570000 - 0x00007ffe9c599000 	D:\JetBrains\apps\Rider\ch-0\221.5591.20\jbr\bin\java.dll
0x00007ffe9c560000 - 0x00007ffe9c56b000 	D:\JetBrains\apps\Rider\ch-0\221.5591.20\jbr\bin\jimage.dll
0x00007ffe9c540000 - 0x00007ffe9c559000 	D:\JetBrains\apps\Rider\ch-0\221.5591.20\jbr\bin\zip.dll

dbghelp: loaded successfully - version: 4.0.5 - missing functions: none
symbol engine: initialized successfully - sym options: 0x614 - pdb path: .;D:\JetBrains\apps\Rider\ch-0\221.5591.20\jbr\bin;C:\Windows\SYSTEM32;C:\Windows\WinSxS\amd64_microsoft.windows.common-controls_6595b64144ccf1df_6.0.19041.1110_none_60b5254171f9507e;D:\JetBrains\apps\Rider\ch-0\221.5591.20\jbr\bin\server

VM Arguments:
java_command: git4idea.http.GitAskPassApp Username for 'https://github.com': 
java_class_path (initial): D:/JetBrains/apps/Rider/ch-0/221.5591.20/plugins/git4idea/lib/git4idea-rt.jar;D:/JetBrains/apps/Rider/ch-0/221.5591.20/lib/externalProcess-rt.jar;D:/JetBrains/apps/Rider/ch-0/221.5591.20/lib/app.jar;D:/JetBrains/apps/Rider/ch-0/221.5591.20/lib/3rd-party-rt.jar
Launcher Type: SUN_STANDARD

[Global flags]
     intx CICompilerCount                          = 4                                         {product} {ergonomic}
     uint ConcGCThreads                            = 2                                         {product} {ergonomic}
     uint G1ConcRefinementThreads                  = 8                                         {product} {ergonomic}
   size_t G1HeapRegionSize                         = 1048576                                   {product} {ergonomic}
    uintx GCDrainStackTargetSize                   = 64                                        {product} {ergonomic}
   size_t InitialHeapSize                          = 123731968                                 {product} {ergonomic}
   size_t MarkStackSize                            = 4194304                                   {product} {ergonomic}
   size_t MaxHeapSize                              = 1971322880                                {product} {ergonomic}
   size_t MinHeapDeltaBytes                        = 1048576                                   {product} {ergonomic}
    uintx NonNMethodCodeHeapSize                   = 5836300                                {pd product} {ergonomic}
    uintx NonProfiledCodeHeapSize                  = 122910970                              {pd product} {ergonomic}
    uintx ProfiledCodeHeapSize                     = 122910970                              {pd product} {ergonomic}
    uintx ReservedCodeCacheSize                    = 251658240                              {pd product} {ergonomic}
     bool SegmentedCodeCache                       = true                                      {product} {ergonomic}
     bool UseCompressedClassPointers               = true                                 {lp64_product} {ergonomic}
     bool UseCompressedOops                        = true                                 {lp64_product} {ergonomic}
     bool UseG1GC                                  = true                                      {product} {ergonomic}
     bool UseLargePagesIndividualAllocation        = false                                  {pd product} {ergonomic}

Logging:
Log output configuration:
 #0: stdout all=warning uptime,level,tags
 #1: stderr all=off uptime,level,tags

Environment Variables:
PATH=D:/Git/Git/Git/mingw64/libexec/git-core;D:/Git/Git/Git/mingw64/libexec/git-core;D:\Git\Git\Git\mingw64\bin;D:\Git\Git\Git\usr\bin;C:\Users\Student\bin;C:\Python37\Scripts\;C:\Python37\;C:\Windows\system32;C:\Windows;C:\Windows\System32\Wbem;C:\Windows\System32\WindowsPowerShell\v1.0\;C:\Windows\System32\OpenSSH\;C:\Program Files\Microsoft SQL Server\130\Tools\Binn\;C:\Program Files\nodejs\;D:\Git\Git\Git\cmd;C:\Program Files\dotnet\;C:\Users\Student\AppData\Local\Microsoft\WindowsApps;C:\Users\Student\.dotnet\tools;C:\Users\Student\AppData\Roaming\npm;D:\VSCode\Microsoft VS Code\bin;C:\Users\Student\.dotnet\tools
USERNAME=Student
DISPLAY=:0.0
LC_ALL=en_US.UTF-8
OS=Windows_NT
PROCESSOR_IDENTIFIER=AMD64 Family 23 Model 104 Stepping 1, AuthenticAMD



---------------  S Y S T E M  ---------------

OS: Windows 10 , 64 bit Build 19041 (10.0.19041.1706)
OS uptime: 1 days 13:36 hours
Hyper-V role detected

CPU:total 8 (initial active 8) (8 cores per cpu, 2 threads per core) family 23 model 104 stepping 1 microcode 0x0, cmov, cx8, fxsr, mmx, sse, sse2, sse3, ssse3, sse4.1, sse4.2, popcnt, avx, avx2, aes, clmul, mmxext, 3dnowpref, lzcnt, sse4a, ht, tsc, tscinvbit, tscinv, bmi1, bmi2, adx, sha, fma

Memory: 4k page, system-wide physical 7514M (439M free)
TotalPageFile size 18107M (AvailPageFile size 62M)
current process WorkingSet (physical memory assigned to process): 10M, peak: 10M
current process commit charge ("private bytes"): 59M, peak: 177M

vm_info: Dynamic Code Evolution 64-Bit Server VM (11.0.14.1+1-b2043.45) for windows-amd64 JRE (11.0.14.1+1-b2043.45), built on Apr 25 2022 05:48:55 by "" with MS VC++ 14.0 (VS2015)

END.
